<?xml version="1.0" encoding="UTF-8"?>
<testsuite xmlns:xsi="http://www.w3.org/2001/XMLSchema-instance" xsi:noNamespaceSchemaLocation="https://maven.apache.org/surefire/maven-surefire-plugin/xsd/surefire-test-report.xsd" version="3.0.2" name="com.esprit.microservice.meeting.MeetingApplicationTests" time="46.575" tests="1" errors="0" skipped="0" failures="0">
  <properties>
[...]
</properties>
  <testcase name="contextLoads" classname="com.esprit.microservice.meeting.MeetingApplicationTests" time="2.417">
    <system-out><![CDATA[14:19:19.643 [main] INFO org.springframework.test.context.support.AnnotationConfigContextLoaderUtils -- Could not detect default configuration classes for test class [com.esprit.microservice.meeting.MeetingApplicationTests]: MeetingApplicationTests does not declare any static, non-private, non-final, nested classes annotated with @Configuration.
14:19:20.030 [main] INFO org.springframework.boot.test.context.SpringBootTestContextBootstrapper -- Found @SpringBootConfiguration com.esprit.microservice.meeting.MeetingApplication for test class com.esprit.microservice.meeting.MeetingApplicationTests

  .   ____          _            __ _ _
 /\\ / ___'_ __ _ _(_)_ __  __ _ \ \ \ \
( ( )\___ | '_ | '_| | '_ \/ _` | \ \ \ \
 \\/  ___)| |_)| | | | | || (_| |  ) ) ) )
  '  |____| .__|_| |_|_| |_\__, | / / / /
 =========|_|==============|___/=/_/_/_/

 :: Spring Boot ::                (v3.4.2)

2025-03-04T14:19:26.166+01:00  INFO 20064 --- [meeting] [           main] c.e.m.meeting.MeetingApplicationTests    : Starting MeetingApplicationTests using Java 17.0.12 with PID 20064 (started by Ameni in C:\Users\zbira\OneDrive - ESPRIT\Bureau\microservice\JobBoard\backEnd\microservices\meeting)
2025-03-04T14:19:26.173+01:00  INFO 20064 --- [meeting] [           main] c.e.m.meeting.MeetingApplicationTests    : No active profile set, falling back to 1 default profile: "default"
2025-03-04T14:19:29.446+01:00  INFO 20064 --- [meeting] [           main] .s.d.r.c.RepositoryConfigurationDelegate : Bootstrapping Spring Data JPA repositories in DEFAULT mode.
2025-03-04T14:19:29.531+01:00  INFO 20064 --- [meeting] [           main] .s.d.r.c.RepositoryConfigurationDelegate : Finished Spring Data repository scanning in 43 ms. Found 0 JPA repository interfaces.
2025-03-04T14:19:30.786+01:00  INFO 20064 --- [meeting] [           main] o.s.cloud.context.scope.GenericScope     : BeanFactory id=bd86bbb7-b434-3c21-91ae-8e88a49e3d68
2025-03-04T14:19:33.808+01:00  INFO 20064 --- [meeting] [           main] o.hibernate.jpa.internal.util.LogHelper  : HHH000204: Processing PersistenceUnitInfo [name: default]
2025-03-04T14:19:34.150+01:00  INFO 20064 --- [meeting] [           main] org.hibernate.Version                    : HHH000412: Hibernate ORM core version 6.6.5.Final
2025-03-04T14:19:34.328+01:00  INFO 20064 --- [meeting] [           main] o.h.c.internal.RegionFactoryInitiator    : HHH000026: Second-level cache disabled
2025-03-04T14:19:35.695+01:00  INFO 20064 --- [meeting] [           main] o.s.o.j.p.SpringPersistenceUnitInfo      : No LoadTimeWeaver setup: ignoring JPA class transformer
2025-03-04T14:19:35.813+01:00  INFO 20064 --- [meeting] [           main] com.zaxxer.hikari.HikariDataSource       : HikariPool-1 - Starting...
2025-03-04T14:19:36.340+01:00  INFO 20064 --- [meeting] [           main] com.zaxxer.hikari.pool.HikariPool        : HikariPool-1 - Added connection conn0: url=jdbc:h2:mem:37e06f35-d581-4011-b894-c3cf09346ed8 user=BADIA
2025-03-04T14:19:36.344+01:00  INFO 20064 --- [meeting] [           main] com.zaxxer.hikari.HikariDataSource       : HikariPool-1 - Start completed.
2025-03-04T14:19:36.558+01:00  INFO 20064 --- [meeting] [           main] org.hibernate.orm.connections.pooling    : HHH10001005: Database info:
	Database JDBC URL [Connecting through datasource 'HikariDataSource (HikariPool-1)']
	Database driver: undefined/unknown
	Database version: 2.3.232
	Autocommit mode: undefined/unknown
	Isolation level: undefined/unknown
	Minimum pool size: undefined/unknown
	Maximum pool size: undefined/unknown
2025-03-04T14:19:37.624+01:00  INFO 20064 --- [meeting] [           main] o.h.e.t.j.p.i.JtaPlatformInitiator       : HHH000489: No JTA platform available (set 'hibernate.transaction.jta.platform' to enable JTA platform integration)
2025-03-04T14:19:37.643+01:00  INFO 20064 --- [meeting] [           main] j.LocalContainerEntityManagerFactoryBean : Initialized JPA EntityManagerFactory for persistence unit 'default'
2025-03-04T14:19:39.418+01:00  WARN 20064 --- [meeting] [           main] JpaBaseConfiguration$JpaWebConfiguration : spring.jpa.open-in-view is enabled by default. Therefore, database queries may be performed during view rendering. Explicitly configure spring.jpa.open-in-view to disable this warning
2025-03-04T14:19:52.247+01:00  INFO 20064 --- [meeting] [           main] o.s.cloud.commons.util.InetUtils         : Cannot determine local hostname
2025-03-04T14:19:55.710+01:00  INFO 20064 --- [meeting] [           main] o.s.b.a.h2.H2ConsoleAutoConfiguration    : H2 console available at '/h2'. Database available at 'jdbc:h2:mem:37e06f35-d581-4011-b894-c3cf09346ed8'
2025-03-04T14:20:00.526+01:00  INFO 20064 --- [meeting] [           main] o.s.cloud.commons.util.InetUtils         : Cannot determine local hostname
2025-03-04T14:20:00.586+01:00  INFO 20064 --- [meeting] [           main] DiscoveryClientOptionalArgsConfiguration : Eureka HTTP Client uses RestTemplate.
2025-03-04T14:20:00.921+01:00  WARN 20064 --- [meeting] [           main] iguration$LoadBalancerCaffeineWarnLogger : Spring Cloud LoadBalancer is currently working with the default cache. While this cache implementation is useful for development and tests, it's recommended to use Caffeine cache in production.You can switch to using Caffeine cache, by adding it and org.springframework.cache.caffeine.CaffeineCacheManager to the classpath.
2025-03-04T14:20:00.960+01:00  INFO 20064 --- [meeting] [           main] o.s.b.a.e.web.EndpointLinksResolver      : Exposing 1 endpoint beneath base path '/actuator'
2025-03-04T14:20:01.237+01:00  INFO 20064 --- [meeting] [           main] o.s.c.n.eureka.InstanceInfoFactory       : Setting initial instance status as: STARTING
2025-03-04T14:20:01.337+01:00  INFO 20064 --- [meeting] [           main] com.netflix.discovery.DiscoveryClient    : Initializing Eureka in region us-east-1
2025-03-04T14:20:01.350+01:00  INFO 20064 --- [meeting] [           main] c.n.d.s.r.aws.ConfigClusterResolver      : Resolving eureka endpoints via configuration
2025-03-04T14:20:01.376+01:00  INFO 20064 --- [meeting] [           main] com.netflix.discovery.DiscoveryClient    : Disable delta property : false
2025-03-04T14:20:01.376+01:00  INFO 20064 --- [meeting] [           main] com.netflix.discovery.DiscoveryClient    : Single vip registry refresh property : null
2025-03-04T14:20:01.376+01:00  INFO 20064 --- [meeting] [           main] com.netflix.discovery.DiscoveryClient    : Force full registry fetch : false
2025-03-04T14:20:01.376+01:00  INFO 20064 --- [meeting] [           main] com.netflix.discovery.DiscoveryClient    : Application is null : false
2025-03-04T14:20:01.376+01:00  INFO 20064 --- [meeting] [           main] com.netflix.discovery.DiscoveryClient    : Registered Applications size is zero : true
2025-03-04T14:20:01.376+01:00  INFO 20064 --- [meeting] [           main] com.netflix.discovery.DiscoveryClient    : Application version is -1: true
2025-03-04T14:20:01.377+01:00  INFO 20064 --- [meeting] [           main] com.netflix.discovery.DiscoveryClient    : Getting all instance registry info from the eureka server
2025-03-04T14:20:02.811+01:00  INFO 20064 --- [meeting] [           main] com.netflix.discovery.DiscoveryClient    : The response status is 200
2025-03-04T14:20:02.818+01:00  INFO 20064 --- [meeting] [           main] com.netflix.discovery.DiscoveryClient    : Starting heartbeat executor: renew interval is: 30
2025-03-04T14:20:02.825+01:00  INFO 20064 --- [meeting] [           main] c.n.discovery.InstanceInfoReplicator     : InstanceInfoReplicator onDemand update allowed rate per min is 4
2025-03-04T14:20:02.835+01:00  INFO 20064 --- [meeting] [           main] com.netflix.discovery.DiscoveryClient    : Discovery Client initialized at timestamp 1741094402830 with initial instances count: 2
2025-03-04T14:20:02.860+01:00  INFO 20064 --- [meeting] [           main] o.s.c.n.e.s.EurekaServiceRegistry        : Registering application MEETING with eureka with status UP
2025-03-04T14:20:02.865+01:00  INFO 20064 --- [meeting] [           main] com.netflix.discovery.DiscoveryClient    : Saw local status change event StatusChangeEvent [timestamp=1741094402863, current=UP, previous=STARTING]
2025-03-04T14:20:02.871+01:00  INFO 20064 --- [meeting] [foReplicator-%d] com.netflix.discovery.DiscoveryClient    : DiscoveryClient_MEETING/localhost:meeting:8052: registering service...
2025-03-04T14:20:02.940+01:00  INFO 20064 --- [meeting] [           main] c.e.m.meeting.MeetingApplicationTests    : Started MeetingApplicationTests in 41.671 seconds (process running for 45.5)
2025-03-04T14:20:03.083+01:00  INFO 20064 --- [meeting] [foReplicator-%d] com.netflix.discovery.DiscoveryClient    : DiscoveryClient_MEETING/localhost:meeting:8052 - registration status: 204
]]></system-out>
  </testcase>
</testsuite>